{"C:\\abc\\React_Redux_Boiler_Plate\\src\\App.js": {"path":"C:\\abc\\React_Redux_Boiler_Plate\\src\\App.js","statementMap":{"0":{"start":{"line":8,"column":14},"end":{"line":11,"column":1}},"1":{"start":{"line":13,"column":12},"end":{"line":19,"column":1}},"2":{"start":{"line":14,"column":4},"end":{"line":18,"column":6}}},"fnMap":{"0":{"name":"(anonymous_0)","decl":{"start":{"line":13,"column":12},"end":{"line":13,"column":13}},"loc":{"start":{"line":13,"column":18},"end":{"line":19,"column":1}},"line":13}},"branchMap":{},"s":{"0":0,"1":0,"2":0},"f":{"0":0},"b":{}}
,"C:\\abc\\React_Redux_Boiler_Plate\\src\\index.js": {"path":"C:\\abc\\React_Redux_Boiler_Plate\\src\\index.js","statementMap":{"0":{"start":{"line":5,"column":0},"end":{"line":5,"column":59}}},"fnMap":{},"branchMap":{},"s":{"0":0},"f":{},"b":{}}
,"C:\\abc\\React_Redux_Boiler_Plate\\src\\components\\HelloWorld\\index.js": {"path":"C:\\abc\\React_Redux_Boiler_Plate\\src\\components\\HelloWorld\\index.js","statementMap":{"0":{"start":{"line":7,"column":19},"end":{"line":16,"column":1}},"1":{"start":{"line":8,"column":4},"end":{"line":14,"column":10}},"2":{"start":{"line":9,"column":21},"end":{"line":11,"column":9}},"3":{"start":{"line":12,"column":8},"end":{"line":12,"column":28}},"4":{"start":{"line":13,"column":8},"end":{"line":13,"column":29}},"5":{"start":{"line":15,"column":0},"end":{"line":15,"column":112}},"6":{"start":{"line":18,"column":0},"end":{"line":23,"column":1}},"7":{"start":{"line":25,"column":0},"end":{"line":27,"column":1}},"8":{"start":{"line":30,"column":4},"end":{"line":33,"column":5}},"9":{"start":{"line":36,"column":4},"end":{"line":41,"column":5}},"10":{"start":{"line":38,"column":12},"end":{"line":38,"column":44}},"11":{"start":{"line":40,"column":28},"end":{"line":40,"column":52}}},"fnMap":{"0":{"name":"(anonymous_0)","decl":{"start":{"line":7,"column":19},"end":{"line":7,"column":20}},"loc":{"start":{"line":7,"column":30},"end":{"line":16,"column":1}},"line":7},"1":{"name":"(anonymous_1)","decl":{"start":{"line":8,"column":14},"end":{"line":8,"column":15}},"loc":{"start":{"line":8,"column":20},"end":{"line":14,"column":5}},"line":8},"2":{"name":"mapStateToProps","decl":{"start":{"line":29,"column":9},"end":{"line":29,"column":24}},"loc":{"start":{"line":29,"column":32},"end":{"line":34,"column":1}},"line":29},"3":{"name":"mapDispatchToProps","decl":{"start":{"line":35,"column":9},"end":{"line":35,"column":27}},"loc":{"start":{"line":35,"column":38},"end":{"line":42,"column":1}},"line":35},"4":{"name":"(anonymous_4)","decl":{"start":{"line":37,"column":17},"end":{"line":37,"column":18}},"loc":{"start":{"line":37,"column":30},"end":{"line":39,"column":9}},"line":37},"5":{"name":"(anonymous_5)","decl":{"start":{"line":40,"column":22},"end":{"line":40,"column":23}},"loc":{"start":{"line":40,"column":28},"end":{"line":40,"column":52}},"line":40}},"branchMap":{},"s":{"0":1,"1":1,"2":0,"3":0,"4":0,"5":1,"6":1,"7":1,"8":0,"9":0,"10":0,"11":0},"f":{"0":1,"1":0,"2":0,"3":0,"4":0,"5":0},"b":{},"_coverageSchema":"1a1c01bbd47fc00a2c39e90264f33305004495a9","hash":"f145fadc142bf9d942e929d6a22cb603ffd614cc"}
,"C:\\abc\\React_Redux_Boiler_Plate\\src\\redux\\actions\\action-types.js": {"path":"C:\\abc\\React_Redux_Boiler_Plate\\src\\redux\\actions\\action-types.js","statementMap":{"0":{"start":{"line":1,"column":24},"end":{"line":1,"column":34}},"1":{"start":{"line":2,"column":27},"end":{"line":2,"column":40}}},"fnMap":{},"branchMap":{},"s":{"0":1,"1":1},"f":{},"b":{},"_coverageSchema":"1a1c01bbd47fc00a2c39e90264f33305004495a9","hash":"b00b7f2fdb71275284d755d7477700f3146a7bbb"}
,"C:\\abc\\React_Redux_Boiler_Plate\\src\\redux\\actions\\actions.js": {"path":"C:\\abc\\React_Redux_Boiler_Plate\\src\\redux\\actions\\actions.js","statementMap":{"0":{"start":{"line":5,"column":2},"end":{"line":8,"column":4}},"1":{"start":{"line":12,"column":2},"end":{"line":15,"column":4}},"2":{"start":{"line":19,"column":2},"end":{"line":22,"column":3}},"3":{"start":{"line":20,"column":21},"end":{"line":20,"column":84}},"4":{"start":{"line":21,"column":4},"end":{"line":21,"column":49}}},"fnMap":{"0":{"name":"updateSetUser","decl":{"start":{"line":4,"column":16},"end":{"line":4,"column":29}},"loc":{"start":{"line":4,"column":36},"end":{"line":9,"column":1}},"line":4},"1":{"name":"updateUserId","decl":{"start":{"line":11,"column":16},"end":{"line":11,"column":28}},"loc":{"start":{"line":11,"column":35},"end":{"line":16,"column":1}},"line":11},"2":{"name":"fetchApiCall","decl":{"start":{"line":18,"column":16},"end":{"line":18,"column":28}},"loc":{"start":{"line":18,"column":31},"end":{"line":23,"column":1}},"line":18},"3":{"name":"(anonymous_3)","decl":{"start":{"line":19,"column":9},"end":{"line":19,"column":10}},"loc":{"start":{"line":19,"column":29},"end":{"line":22,"column":3}},"line":19}},"branchMap":{},"s":{"0":0,"1":0,"2":0,"3":0,"4":0},"f":{"0":0,"1":0,"2":0,"3":0},"b":{},"_coverageSchema":"1a1c01bbd47fc00a2c39e90264f33305004495a9","hash":"3fa772d414f76836914ce463113a2852f17cf1c6"}
,"C:\\abc\\React_Redux_Boiler_Plate\\src\\redux\\reducers\\reducer.js": {"path":"C:\\abc\\React_Redux_Boiler_Plate\\src\\redux\\reducers\\reducer.js","statementMap":{"0":{"start":{"line":3,"column":21},"end":{"line":6,"column":1}},"1":{"start":{"line":9,"column":4},"end":{"line":23,"column":5}},"2":{"start":{"line":11,"column":12},"end":{"line":14,"column":13}},"3":{"start":{"line":17,"column":12},"end":{"line":20,"column":13}},"4":{"start":{"line":22,"column":18},"end":{"line":22,"column":31}}},"fnMap":{"0":{"name":"reducer","decl":{"start":{"line":8,"column":9},"end":{"line":8,"column":16}},"loc":{"start":{"line":8,"column":47},"end":{"line":24,"column":1}},"line":8}},"branchMap":{"0":{"loc":{"start":{"line":8,"column":17},"end":{"line":8,"column":37}},"type":"default-arg","locations":[{"start":{"line":8,"column":25},"end":{"line":8,"column":37}}],"line":8},"1":{"loc":{"start":{"line":9,"column":4},"end":{"line":23,"column":5}},"type":"switch","locations":[{"start":{"line":10,"column":8},"end":{"line":14,"column":13}},{"start":{"line":16,"column":12},"end":{"line":20,"column":13}},{"start":{"line":22,"column":8},"end":{"line":22,"column":31}}],"line":9}},"s":{"0":0,"1":0,"2":0,"3":0,"4":0},"f":{"0":0},"b":{"0":[0],"1":[0,0,0]}}
}
