TN:
SF:src\App.js
FN:13,(anonymous_0)
FNF:1
FNH:0
FNDA:0,(anonymous_0)
DA:8,0
DA:13,0
DA:14,0
LF:3
LH:0
BRF:0
BRH:0
end_of_record
TN:
SF:src\index.js
FNF:0
FNH:0
DA:5,0
LF:1
LH:0
BRF:0
BRH:0
end_of_record
TN:
SF:src\components\HelloWorld\index.js
FN:7,(anonymous_0)
FN:8,(anonymous_1)
FN:29,mapStateToProps
FN:35,mapDispatchToProps
FN:37,(anonymous_4)
FN:40,(anonymous_5)
FNF:6
FNH:1
FNDA:1,(anonymous_0)
FNDA:0,(anonymous_1)
FNDA:0,mapStateToProps
FNDA:0,mapDispatchToProps
FNDA:0,(anonymous_4)
FNDA:0,(anonymous_5)
DA:7,1
DA:8,1
DA:9,0
DA:12,0
DA:13,0
DA:15,1
DA:18,1
DA:25,1
DA:30,0
DA:36,0
DA:38,0
DA:40,0
LF:12
LH:5
BRF:0
BRH:0
end_of_record
TN:
SF:src\redux\actions\action-types.js
FNF:0
FNH:0
DA:1,1
DA:2,1
LF:2
LH:2
BRF:0
BRH:0
end_of_record
TN:
SF:src\redux\actions\actions.js
FN:4,updateSetUser
FN:11,updateUserId
FN:18,fetchApiCall
FN:19,(anonymous_3)
FNF:4
FNH:0
FNDA:0,updateSetUser
FNDA:0,updateUserId
FNDA:0,fetchApiCall
FNDA:0,(anonymous_3)
DA:5,0
DA:12,0
DA:19,0
DA:20,0
DA:21,0
LF:5
LH:0
BRF:0
BRH:0
end_of_record
TN:
SF:src\redux\reducers\reducer.js
FN:8,reducer
FNF:1
FNH:0
FNDA:0,reducer
DA:3,0
DA:9,0
DA:11,0
DA:17,0
DA:22,0
LF:5
LH:0
BRDA:8,0,0,0
BRDA:9,1,0,0
BRDA:9,1,1,0
BRDA:9,1,2,0
BRF:4
BRH:0
end_of_record
